attila@DELLWS:~/src/orto/src> ./orto.py 
Using TensorFlow backend.
2018-12-01 11:56:25.433035: I tensorflow/core/platform/cpu_feature_guard.cc:137] Your CPU supports instructions that this TensorFlow binary was not compiled to use: SSE4.1 SSE4.2
Found 9229 images belonging to 4 classes.
Found 2371 images belonging to 4 classes.
Epoch 1/15
/usr/lib64/python3.6/site-packages/keras_preprocessing/image.py:1131: UserWarning: This ImageDataGenerator specifies `featurewise_center`, but it hasn't been fit on any training data. Fit it first by calling `.fit(numpy_data)`.
  warnings.warn('This ImageDataGenerator specifies '
187/187 [==============================] - 235s 1s/step - loss: 1.8204 - acc: 0.5536 - val_loss: 1.0176 - val_acc: 0.5735
Epoch 2/15
187/187 [==============================] - 233s 1s/step - loss: 1.2452 - acc: 0.7124 - val_loss: 0.5784 - val_acc: 0.8015
Epoch 3/15
187/187 [==============================] - 229s 1s/step - loss: 1.0824 - acc: 0.7566 - val_loss: 0.5471 - val_acc: 0.8100
Epoch 4/15
187/187 [==============================] - 228s 1s/step - loss: 0.9723 - acc: 0.7861 - val_loss: 0.5491 - val_acc: 0.8168
Epoch 5/15
187/187 [==============================] - 232s 1s/step - loss: 0.9495 - acc: 0.7929 - val_loss: 0.5204 - val_acc: 0.8112
Epoch 6/15
187/187 [==============================] - 237s 1s/step - loss: 0.8988 - acc: 0.8043 - val_loss: 0.6118 - val_acc: 0.7828
Epoch 7/15
187/187 [==============================] - 232s 1s/step - loss: 0.8466 - acc: 0.8112 - val_loss: 0.5238 - val_acc: 0.8341
Epoch 8/15
187/187 [==============================] - 228s 1s/step - loss: 0.8250 - acc: 0.8177 - val_loss: 0.4381 - val_acc: 0.8605
Epoch 9/15
187/187 [==============================] - 230s 1s/step - loss: 0.8217 - acc: 0.8224 - val_loss: 0.4349 - val_acc: 0.8646
Epoch 10/15
187/187 [==============================] - 227s 1s/step - loss: 0.7907 - acc: 0.8279 - val_loss: 0.5494 - val_acc: 0.8297
Epoch 11/15
187/187 [==============================] - 227s 1s/step - loss: 0.7728 - acc: 0.8317 - val_loss: 0.4306 - val_acc: 0.8609
Epoch 12/15
187/187 [==============================] - 226s 1s/step - loss: 0.7792 - acc: 0.8339 - val_loss: 0.4681 - val_acc: 0.8344
Epoch 13/15
187/187 [==============================] - 226s 1s/step - loss: 0.7215 - acc: 0.8383 - val_loss: 0.6648 - val_acc: 0.7930
Epoch 14/15
187/187 [==============================] - 224s 1s/step - loss: 0.7446 - acc: 0.8395 - val_loss: 0.3849 - val_acc: 0.8768
Epoch 15/15
187/187 [==============================] - 222s 1s/step - loss: 0.7399 - acc: 0.8405 - val_loss: 0.3977 - val_acc: 0.8707

